<?xml version="1.0" encoding="UTF-8"?>
<!-- Generated by org.testng.reporters.JUnitXMLReporter -->
<testsuite ignored="0" hostname="jessy" failures="0" tests="7" name="Test" time="0.139" errors="0" timestamp="2024-08-08T07:16:53 ICT">
  <testcase classname="test_dao.KhoDaoTest" name="testDelete" time="0.026"/>
  <testcase classname="test_dao.KhoDaoTest" name="testInsert" time="0.031"/>
  <testcase classname="test_dao.KhoDaoTest" name="testSelectAll" time="0.011"/>
  <testcase classname="test_dao.KhoDaoTest" name="testSelectById" time="0.011"/>
  <testcase classname="test_dao.KhoDaoTest" name="testSelectByMaCuaHang" time="0.012"/>
  <testcase classname="test_dao.KhoDaoTest" name="testSelectBySql" time="0.012"/>
  <testcase classname="test_dao.KhoDaoTest" name="testUpdate" time="0.027"/>
</testsuite> <!-- Test -->
