<?xml version="1.0" encoding="UTF-8"?>
<!-- Generated by org.testng.reporters.JUnitXMLReporter -->
<testsuite ignored="0" hostname="jessy" failures="1" tests="6" name="Test" time="0.097" errors="0" timestamp="2024-08-08T07:16:54 ICT">
  <testcase classname="test_dao.LichHenDaoTest" name="testDelete" time="0.0">
    <failure type="java.lang.UnsupportedOperationException" message="Not supported yet.">
      <![CDATA[java.lang.UnsupportedOperationException: Not supported yet.
at salon.Dao.LichHenDao.delete(LichHenDao.java:38)
at test_dao.LichHenDaoTest.testDelete(LichHenDaoTest.java:59)
at java.base/java.util.ArrayList.forEach(ArrayList.java:1511)
... Removed 28 stack frames]]>
    </failure>
  </testcase> <!-- testDelete -->
  <testcase classname="test_dao.LichHenDaoTest" name="testInsert" time="0.028"/>
  <testcase classname="test_dao.LichHenDaoTest" name="testSelectAll" time="0.012"/>
  <testcase classname="test_dao.LichHenDaoTest" name="testSelectById" time="0.011"/>
  <testcase classname="test_dao.LichHenDaoTest" name="testSelectBySql" time="0.011"/>
  <testcase classname="test_dao.LichHenDaoTest" name="testUpdate" time="0.026"/>
</testsuite> <!-- Test -->
