<?xml version="1.0" encoding="UTF-8"?>
<!-- Generated by org.testng.reporters.JUnitXMLReporter -->
<testsuite ignored="0" hostname="jessy" failures="2" tests="3" name="Test" time="0.174" errors="0" timestamp="2024-08-08T07:16:52 ICT">
  <testcase classname="test_salon_ui.TestChangePassword" name="testCP1" time="0.029"/>
  <testcase classname="test_salon_ui.TestChangePassword" name="testCP2" time="0.033">
    <failure type="java.lang.AssertionError" message="expected:&amp;lt;123456&amp;gt; but was:&amp;lt;456789&amp;gt;">
      <![CDATA[java.lang.AssertionError: expected:<123456> but was:<456789>
at test_salon_ui.TestChangePassword.testCP2(TestChangePassword.java:58)
at java.base/java.util.ArrayList.forEach(ArrayList.java:1511)
... Removed 30 stack frames]]>
    </failure>
  </testcase> <!-- testCP2 -->
  <testcase classname="test_salon_ui.TestChangePassword" name="testCP3" time="0.015">
    <failure type="java.lang.AssertionError" message="expected:&amp;lt;223344&amp;gt; but was:&amp;lt;123456&amp;gt;">
      <![CDATA[java.lang.AssertionError: expected:<223344> but was:<123456>
at test_salon_ui.TestChangePassword.testCP3(TestChangePassword.java:65)
at java.base/java.util.ArrayList.forEach(ArrayList.java:1511)
... Removed 30 stack frames]]>
    </failure>
  </testcase> <!-- testCP3 -->
</testsuite> <!-- Test -->
