<?xml version="1.0" encoding="UTF-8"?>
<!-- Generated by org.testng.reporters.JUnitXMLReporter -->
<testsuite ignored="0" hostname="jessy" failures="0" tests="6" name="Test" time="0.11" errors="0" timestamp="2024-08-08T07:16:54 ICT">
  <testcase classname="test_dao.NhaCungCapDaoTest" name="testDelete" time="0.024"/>
  <testcase classname="test_dao.NhaCungCapDaoTest" name="testInsert" time="0.023"/>
  <testcase classname="test_dao.NhaCungCapDaoTest" name="testSelectAll" time="0.012"/>
  <testcase classname="test_dao.NhaCungCapDaoTest" name="testSelectById" time="0.012"/>
  <testcase classname="test_dao.NhaCungCapDaoTest" name="testSelectBySql" time="0.011"/>
  <testcase classname="test_dao.NhaCungCapDaoTest" name="testUpdate" time="0.021"/>
</testsuite> <!-- Test -->
