<?xml version="1.0" encoding="UTF-8"?>
<!-- Generated by org.testng.reporters.JUnitXMLReporter -->
<testsuite ignored="0" hostname="jessy" failures="2" tests="8" name="Test" time="0.134" errors="0" timestamp="2024-08-08T07:16:53 ICT">
  <testcase classname="test_dao.DichVuDaoTest" name="testGetGia" time="0.012"/>
  <testcase classname="test_dao.DichVuDaoTest" name="testInsert" time="0.02"/>
  <testcase classname="test_dao.DichVuDaoTest" name="testSelectAll" time="0.011"/>
  <testcase classname="test_dao.DichVuDaoTest" name="testSelectById" time="0.01"/>
  <testcase classname="test_dao.DichVuDaoTest" name="testSelectByKeyword" time="0.012"/>
  <testcase classname="test_dao.DichVuDaoTest" name="testSelectBySql" time="0.012"/>
  <testcase classname="test_dao.DichVuDaoTest" name="testUpdate" time="0.025">
    <failure type="java.lang.AssertionError" message="expected [Advanced hair cut] but found [Nhuộm]">
      <![CDATA[java.lang.AssertionError: expected [Advanced hair cut] but found [Nhuộm]
at test_dao.DichVuDaoTest.testUpdate(DichVuDaoTest.java:40)
at java.base/java.util.ArrayList.forEach(ArrayList.java:1511)
... Removed 34 stack frames]]>
    </failure>
  </testcase> <!-- testUpdate -->
  <testcase classname="test_dao.DichVuDaoTest" name="testUpdate1" time="0.023">
    <failure type="java.lang.AssertionError" message="expected [Advanced hair cut] but found [Nhuộm]">
      <![CDATA[java.lang.AssertionError: expected [Advanced hair cut] but found [Nhuộm]
at test_dao.DichVuDaoTest.testUpdate1(DichVuDaoTest.java:49)
at java.base/java.util.ArrayList.forEach(ArrayList.java:1511)
... Removed 34 stack frames]]>
    </failure>
  </testcase> <!-- testUpdate1 -->
</testsuite> <!-- Test -->
