<?xml version="1.0" encoding="UTF-8"?>
<!-- Generated by org.testng.reporters.JUnitXMLReporter -->
<testsuite ignored="0" hostname="jessy" failures="1" tests="4" name="Test" time="0.047" errors="0" timestamp="2024-08-08T07:16:54 ICT">
  <testcase classname="test_dao.phieunhapdaotest" name="testInsert" time="0.023"/>
  <testcase classname="test_dao.phieunhapdaotest" name="testSelectAll" time="0.009"/>
  <testcase classname="test_dao.phieunhapdaotest" name="testSelectById" time="0.01"/>
  <testcase classname="test_dao.phieunhapdaotest" name="testUpdate" time="0.001">
    <failure type="java.lang.UnsupportedOperationException" message="Not supported yet.">
      <![CDATA[java.lang.UnsupportedOperationException: Not supported yet.
at salon.Dao.PhieuNhapDao.update(PhieuNhapDao.java:35)
at test_dao.phieunhapdaotest.testUpdate(phieunhapdaotest.java:51)
at java.base/java.util.ArrayList.forEach(ArrayList.java:1511)
... Removed 28 stack frames]]>
    </failure>
  </testcase> <!-- testUpdate -->
</testsuite> <!-- Test -->
