<?xml version="1.0" encoding="UTF-8"?>
<!-- Generated by org.testng.reporters.JUnitXMLReporter -->
<testsuite ignored="0" hostname="jessy" failures="2" tests="6" name="Test" time="0.141" errors="0" timestamp="2024-08-08T07:16:53 ICT">
  <testcase classname="test_dao.KhachHangDaoTest" name="testDelete" time="0.035"/>
  <testcase classname="test_dao.KhachHangDaoTest" name="testInsert" time="0.019"/>
  <testcase classname="test_dao.KhachHangDaoTest" name="testSelectAll" time="0.011"/>
  <testcase classname="test_dao.KhachHangDaoTest" name="testSelectById" time="0.019">
    <failure type="java.lang.RuntimeException" message="com.microsoft.sqlserver.jdbc.SQLServerException: Violation of PRIMARY KEY constraint &amp;apos;PK__KHACHHAN__0389B7BC35B6167C&amp;apos;. Cannot insert duplicate key in object &amp;apos;dbo.KHACHHANG&amp;apos;. The duplicate key value is (0123456789).">
      <![CDATA[java.lang.RuntimeException: com.microsoft.sqlserver.jdbc.SQLServerException: Violation of PRIMARY KEY constraint 'PK__KHACHHAN__0389B7BC35B6167C'. Cannot insert duplicate key in object 'dbo.KHACHHANG'. The duplicate key value is (0123456789).
at salon.tienich.JdbcHelp.update(JdbcHelp.java:58)
at salon.Dao.KhachHangDao.insert(KhachHangDao.java:21)
at test_dao.KhachHangDaoTest.testSelectById(KhachHangDaoTest.java:97)
at java.base/java.util.ArrayList.forEach(ArrayList.java:1511)
Caused by: com.microsoft.sqlserver.jdbc.SQLServerException: Violation of PRIMARY KEY constraint 'PK__KHACHHAN__0389B7BC35B6167C'. Cannot insert duplicate key in object 'dbo.KHACHHANG'. The duplicate key value is (0123456789).
at com.microsoft.sqlserver.jdbc.SQLServerException.makeFromDatabaseError(SQLServerException.java:262)
at com.microsoft.sqlserver.jdbc.SQLServerStatement.getNextResult(SQLServerStatement.java:1632)
at com.microsoft.sqlserver.jdbc.SQLServerPreparedStatement.doExecutePreparedStatement(SQLServerPreparedStatement.java:600)
at com.microsoft.sqlserver.jdbc.SQLServerPreparedStatement$PrepStmtExecCmd.doExecute(SQLServerPreparedStatement.java:522)
at com.microsoft.sqlserver.jdbc.TDSCommand.execute(IOBuffer.java:7225)
at com.microsoft.sqlserver.jdbc.SQLServerConnection.executeCommand(SQLServerConnection.java:3053)
at com.microsoft.sqlserver.jdbc.SQLServerStatement.executeCommand(SQLServerStatement.java:247)
at com.microsoft.sqlserver.jdbc.SQLServerStatement.executeStatement(SQLServerStatement.java:222)
at com.microsoft.sqlserver.jdbc.SQLServerPreparedStatement.executeUpdate(SQLServerPreparedStatement.java:471)
at salon.tienich.JdbcHelp.update(JdbcHelp.java:51)
... 31 more
... Removed 28 stack frames]]>
    </failure>
  </testcase> <!-- testSelectById -->
  <testcase classname="test_dao.KhachHangDaoTest" name="testUpdate" time="0.026"/>
  <testcase classname="test_dao.KhachHangDaoTest" name="testUpdate1" time="0.024">
    <failure type="java.lang.AssertionError" message="KhachHang should be updated and retrieved. expected object to not be null">
      <![CDATA[java.lang.AssertionError: KhachHang should be updated and retrieved. expected object to not be null
at test_dao.KhachHangDaoTest.testUpdate1(KhachHangDaoTest.java:61)
at java.base/java.util.ArrayList.forEach(ArrayList.java:1511)
... Removed 30 stack frames]]>
    </failure>
  </testcase> <!-- testUpdate1 -->
</testsuite> <!-- Test -->
