<?xml version="1.0" encoding="UTF-8"?>
<!-- Generated by org.testng.reporters.JUnitXMLReporter -->
<testsuite ignored="0" hostname="jessy" failures="1" tests="3" name="Test" time="0.098" errors="0" timestamp="2024-08-08T07:16:53 ICT">
  <testcase classname="test_dao.HoaDonDaoTest" name="testInsert" time="0.041"/>
  <testcase classname="test_dao.HoaDonDaoTest" name="testUpdate1" time="0.026"/>
  <testcase classname="test_dao.HoaDonDaoTest" name="testUpdate2" time="0.025">
    <failure type="java.lang.AssertionError">
      <![CDATA[java.lang.AssertionError: 
at test_dao.HoaDonDaoTest.testUpdate2(HoaDonDaoTest.java:85)
at java.base/java.util.ArrayList.forEach(ArrayList.java:1511)
... Removed 32 stack frames]]>
    </failure>
  </testcase> <!-- testUpdate2 -->
</testsuite> <!-- Test -->
