<?xml version="1.0" encoding="UTF-8"?>
<!-- Generated by org.testng.reporters.JUnitXMLReporter -->
<testsuite ignored="0" hostname="jessy" failures="0" tests="6" name="Test" time="0.1" errors="0" timestamp="2024-08-08T07:16:53 ICT">
  <testcase classname="test_dao.ChiTietPhieuNhapTest" name="testDeleteByMPN" time="0.024"/>
  <testcase classname="test_dao.ChiTietPhieuNhapTest" name="testInsert" time="0.023"/>
  <testcase classname="test_dao.ChiTietPhieuNhapTest" name="testSelectAll" time="0.011"/>
  <testcase classname="test_dao.ChiTietPhieuNhapTest" name="testSelectById" time="0.011"/>
  <testcase classname="test_dao.ChiTietPhieuNhapTest" name="testSelectByMPN" time="0.011"/>
  <testcase classname="test_dao.ChiTietPhieuNhapTest" name="testSelectBySql" time="0.011"/>
</testsuite> <!-- Test -->
