<?xml version="1.0" encoding="UTF-8"?>
<!-- Generated by org.testng.reporters.JUnitXMLReporter -->
<testsuite ignored="0" hostname="jessy" failures="0" tests="6" name="Test" time="0.13" errors="0" timestamp="2024-08-08T07:16:53 ICT">
  <testcase classname="test_dao.ChiPhiTest" name="testDelete" time="0.026"/>
  <testcase classname="test_dao.ChiPhiTest" name="testInsert" time="0.024"/>
  <testcase classname="test_dao.ChiPhiTest" name="testSelectAll" time="0.016"/>
  <testcase classname="test_dao.ChiPhiTest" name="testSelectById" time="0.012"/>
  <testcase classname="test_dao.ChiPhiTest" name="testSelectBySql" time="0.013"/>
  <testcase classname="test_dao.ChiPhiTest" name="testUpdate" time="0.026"/>
</testsuite> <!-- Test -->
