<?xml version="1.0" encoding="UTF-8"?>
<!-- Generated by org.testng.reporters.JUnitXMLReporter -->
<testsuite ignored="0" hostname="jessy" failures="9" tests="11" name="Test" time="0.56" errors="0" timestamp="2024-08-08T07:16:52 ICT">
  <testcase classname="test_salon_ui.Test_Login" name="testNV1" time="0.023"/>
  <testcase classname="test_salon_ui.Test_Login" name="testNV2" time="0.017">
    <failure type="java.lang.AssertionError" message="expected [123456] but found [1234567]">
      <![CDATA[java.lang.AssertionError: expected [123456] but found [1234567]
at test_salon_ui.Test_Login.testNV2(Test_Login.java:54)
at java.base/java.util.ArrayList.forEach(ArrayList.java:1511)
... Removed 34 stack frames]]>
    </failure>
  </testcase> <!-- testNV2 -->
  <testcase classname="test_salon_ui.Test_Login" name="testNV3" time="0.015">
    <failure type="java.lang.AssertionError" message="expected [false] but found [true]">
      <![CDATA[java.lang.AssertionError: expected [false] but found [true]
at test_salon_ui.Test_Login.testNV3(Test_Login.java:68)
at java.base/java.util.ArrayList.forEach(ArrayList.java:1511)
... Removed 35 stack frames]]>
    </failure>
  </testcase> <!-- testNV3 -->
  <testcase classname="test_salon_ui.Test_Login" name="testNV4" time="0.013">
    <failure type="java.lang.NullPointerException" message="Cannot invoke &amp;quot;salon.entity.NhanVien.getMatKhau()&amp;quot; because &amp;quot;this.nv&amp;quot; is null">
      <![CDATA[java.lang.NullPointerException: Cannot invoke "salon.entity.NhanVien.getMatKhau()" because "this.nv" is null
at test_salon_ui.Test_Login.testNV4(Test_Login.java:80)
at java.base/java.util.ArrayList.forEach(ArrayList.java:1511)
... Removed 28 stack frames]]>
    </failure>
  </testcase> <!-- testNV4 -->
  <testcase classname="test_salon_ui.Test_Login" name="testNV5" time="0.014">
    <failure type="java.lang.AssertionError" message="expected [123456] but found []">
      <![CDATA[java.lang.AssertionError: expected [123456] but found []
at test_salon_ui.Test_Login.testNV5(Test_Login.java:93)
at java.base/java.util.ArrayList.forEach(ArrayList.java:1511)
... Removed 34 stack frames]]>
    </failure>
  </testcase> <!-- testNV5 -->
  <testcase classname="test_salon_ui.Test_Login" name="testNV6" time="0.014">
    <failure type="java.lang.NullPointerException" message="Cannot invoke &amp;quot;salon.entity.NhanVien.getMatKhau()&amp;quot; because &amp;quot;this.nv&amp;quot; is null">
      <![CDATA[java.lang.NullPointerException: Cannot invoke "salon.entity.NhanVien.getMatKhau()" because "this.nv" is null
at test_salon_ui.Test_Login.testNV6(Test_Login.java:106)
at java.base/java.util.ArrayList.forEach(ArrayList.java:1511)
... Removed 28 stack frames]]>
    </failure>
  </testcase> <!-- testNV6 -->
  <testcase classname="test_salon_ui.Test_Login" name="testNV7" time="0.015">
    <failure type="java.lang.NullPointerException" message="Cannot invoke &amp;quot;salon.entity.NhanVien.getMatKhau()&amp;quot; because &amp;quot;this.nv&amp;quot; is null">
      <![CDATA[java.lang.NullPointerException: Cannot invoke "salon.entity.NhanVien.getMatKhau()" because "this.nv" is null
at test_salon_ui.Test_Login.testNV7(Test_Login.java:119)
at java.base/java.util.ArrayList.forEach(ArrayList.java:1511)
... Removed 28 stack frames]]>
    </failure>
  </testcase> <!-- testNV7 -->
  <testcase classname="test_salon_ui.Test_Login" name="testNV8" time="0.013">
    <failure type="java.lang.NullPointerException" message="Cannot invoke &amp;quot;salon.entity.NhanVien.getMatKhau()&amp;quot; because &amp;quot;this.nv&amp;quot; is null">
      <![CDATA[java.lang.NullPointerException: Cannot invoke "salon.entity.NhanVien.getMatKhau()" because "this.nv" is null
at test_salon_ui.Test_Login.testNV8(Test_Login.java:132)
at java.base/java.util.ArrayList.forEach(ArrayList.java:1511)
... Removed 28 stack frames]]>
    </failure>
  </testcase> <!-- testNV8 -->
  <testcase classname="test_salon_ui.Test_Login" name="testQL1" time="0.013"/>
  <testcase classname="test_salon_ui.Test_Login" name="testQL2" time="0.014">
    <failure type="java.lang.AssertionError" message="expected [123456] but found [123456ab]">
      <![CDATA[java.lang.AssertionError: expected [123456] but found [123456ab]
at test_salon_ui.Test_Login.testQL2(Test_Login.java:157)
at java.base/java.util.ArrayList.forEach(ArrayList.java:1511)
... Removed 34 stack frames]]>
    </failure>
  </testcase> <!-- testQL2 -->
  <testcase classname="test_salon_ui.Test_Login" name="testQL3" time="0.013">
    <failure type="java.lang.NullPointerException" message="Cannot invoke &amp;quot;salon.entity.NhanVien.getMatKhau()&amp;quot; because &amp;quot;this.nv&amp;quot; is null">
      <![CDATA[java.lang.NullPointerException: Cannot invoke "salon.entity.NhanVien.getMatKhau()" because "this.nv" is null
at test_salon_ui.Test_Login.testQL3(Test_Login.java:169)
at java.base/java.util.ArrayList.forEach(ArrayList.java:1511)
... Removed 28 stack frames]]>
    </failure>
  </testcase> <!-- testQL3 -->
</testsuite> <!-- Test -->
