<?xml version="1.0" encoding="UTF-8"?>
<!-- Generated by org.testng.reporters.JUnitXMLReporter -->
<testsuite ignored="0" hostname="jessy" failures="0" tests="7" name="Test" time="0.097" errors="0" timestamp="2024-08-08T07:16:54 ICT">
  <testcase classname="test_dao.sanphamdaotest" name="testInsert" time="0.02"/>
  <testcase classname="test_dao.sanphamdaotest" name="testSelectAll" time="0.01"/>
  <testcase classname="test_dao.sanphamdaotest" name="testSelectById" time="0.008"/>
  <testcase classname="test_dao.sanphamdaotest" name="testSelectByKeyword" time="0.01"/>
  <testcase classname="test_dao.sanphamdaotest" name="testSelectByNhaCungCap" time="0.009"/>
  <testcase classname="test_dao.sanphamdaotest" name="testSelectBySql" time="0.01"/>
  <testcase classname="test_dao.sanphamdaotest" name="testUpdate" time="0.023"/>
</testsuite> <!-- Test -->
