<?xml version="1.0" encoding="UTF-8"?>
<!-- Generated by org.testng.reporters.JUnitXMLReporter -->
<testsuite ignored="0" hostname="jessy" failures="0" tests="5" name="Test" time="0.099" errors="0" timestamp="2024-08-08T07:16:54 ICT">
  <testcase classname="test_dao.uudaidaotest" name="testDelete" time="0.021"/>
  <testcase classname="test_dao.uudaidaotest" name="testInsert" time="0.027"/>
  <testcase classname="test_dao.uudaidaotest" name="testSelectAll" time="0.011"/>
  <testcase classname="test_dao.uudaidaotest" name="testSelectByKeyword" time="0.011"/>
  <testcase classname="test_dao.uudaidaotest" name="testUpdate" time="0.024"/>
</testsuite> <!-- Test -->
