<?xml version="1.0" encoding="UTF-8"?>
<!-- Generated by org.testng.reporters.JUnitXMLReporter -->
<testsuite ignored="0" hostname="jessy" failures="0" tests="4" name="Test" time="0.054" errors="0" timestamp="2024-08-08T07:16:54 ICT">
  <testcase classname="test_dao.phieuxuatdaotest" name="testInsert" time="0.02"/>
  <testcase classname="test_dao.phieuxuatdaotest" name="testSelectAll" time="0.01"/>
  <testcase classname="test_dao.phieuxuatdaotest" name="testSelectById" time="0.008"/>
  <testcase classname="test_dao.phieuxuatdaotest" name="testSelectBySql" time="0.01"/>
</testsuite> <!-- Test -->
