<?xml version="1.0" encoding="UTF-8"?>
<!-- Generated by org.testng.reporters.JUnitXMLReporter -->
<testsuite ignored="0" hostname="jessy" failures="1" tests="4" name="Test" time="0.061" errors="0" timestamp="2024-08-08T07:16:54 ICT">
  <testcase classname="test_dao.PhieuchiDaoTest" name="testInsert" time="0.024"/>
  <testcase classname="test_dao.PhieuchiDaoTest" name="testSelectAll" time="0.011"/>
  <testcase classname="test_dao.PhieuchiDaoTest" name="testSelectByCuahang" time="0.01">
    <failure type="java.lang.RuntimeException" message="java.lang.RuntimeException: com.microsoft.sqlserver.jdbc.SQLServerException: Invalid column name &amp;apos;mach&amp;apos;.">
      <![CDATA[java.lang.RuntimeException: java.lang.RuntimeException: com.microsoft.sqlserver.jdbc.SQLServerException: Invalid column name 'mach'.
at salon.Dao.PhieuchiDao.selectBySql(PhieuchiDao.java:67)
at salon.Dao.PhieuchiDao.selectbycuahang(PhieuchiDao.java:75)
at test_dao.PhieuchiDaoTest.testSelectByCuahang(PhieuchiDaoTest.java:64)
at java.base/java.util.ArrayList.forEach(ArrayList.java:1511)
Caused by: java.lang.RuntimeException: com.microsoft.sqlserver.jdbc.SQLServerException: Invalid column name 'mach'.
at salon.tienich.JdbcHelp.query(JdbcHelp.java:69)
at salon.Dao.PhieuchiDao.selectBySql(PhieuchiDao.java:54)
... 31 more
Caused by: com.microsoft.sqlserver.jdbc.SQLServerException: Invalid column name 'mach'.
at com.microsoft.sqlserver.jdbc.SQLServerException.makeFromDatabaseError(SQLServerException.java:262)
at com.microsoft.sqlserver.jdbc.SQLServerStatement.getNextResult(SQLServerStatement.java:1632)
at com.microsoft.sqlserver.jdbc.SQLServerPreparedStatement.doExecutePreparedStatement(SQLServerPreparedStatement.java:600)
at com.microsoft.sqlserver.jdbc.SQLServerPreparedStatement$PrepStmtExecCmd.doExecute(SQLServerPreparedStatement.java:522)
at com.microsoft.sqlserver.jdbc.TDSCommand.execute(IOBuffer.java:7225)
at com.microsoft.sqlserver.jdbc.SQLServerConnection.executeCommand(SQLServerConnection.java:3053)
at com.microsoft.sqlserver.jdbc.SQLServerStatement.executeCommand(SQLServerStatement.java:247)
at com.microsoft.sqlserver.jdbc.SQLServerStatement.executeStatement(SQLServerStatement.java:222)
at com.microsoft.sqlserver.jdbc.SQLServerPreparedStatement.executeQuery(SQLServerPreparedStatement.java:444)
at salon.tienich.JdbcHelp.query(JdbcHelp.java:66)
... 32 more
... Removed 28 stack frames]]>
    </failure>
  </testcase> <!-- testSelectByCuahang -->
  <testcase classname="test_dao.PhieuchiDaoTest" name="testSelectBySql" time="0.011"/>
</testsuite> <!-- Test -->
