<?xml version="1.0" encoding="UTF-8"?>
<!-- Generated by org.testng.reporters.JUnitXMLReporter -->
<testsuite ignored="0" hostname="jessy" failures="3" tests="10" name="Test" time="0.112" errors="0" timestamp="2024-08-08T07:16:54 ICT">
  <testcase classname="test_dao.NhanVienDaoTest" name="testInsert" time="0.022"/>
  <testcase classname="test_dao.NhanVienDaoTest" name="testInsert1" time="0.0">
    <failure type="java.lang.AssertionError">
      <![CDATA[java.lang.AssertionError: 
at test_dao.NhanVienDaoTest.testInsert1(NhanVienDaoTest.java:59)
at java.base/java.util.ArrayList.forEach(ArrayList.java:1511)
... Removed 32 stack frames]]>
    </failure>
  </testcase> <!-- testInsert1 -->
  <testcase classname="test_dao.NhanVienDaoTest" name="testInsert3" time="0.0">
    <failure type="java.lang.AssertionError">
      <![CDATA[java.lang.AssertionError: 
at test_dao.NhanVienDaoTest.testInsert3(NhanVienDaoTest.java:73)
at java.base/java.util.ArrayList.forEach(ArrayList.java:1511)
... Removed 32 stack frames]]>
    </failure>
  </testcase> <!-- testInsert3 -->
  <testcase classname="test_dao.NhanVienDaoTest" name="testSelectAll" time="0.01"/>
  <testcase classname="test_dao.NhanVienDaoTest" name="testSelectById" time="0.009"/>
  <testcase classname="test_dao.NhanVienDaoTest" name="testSelectByKeyword" time="0.01"/>
  <testcase classname="test_dao.NhanVienDaoTest" name="testSelectBySql" time="0.009"/>
  <testcase classname="test_dao.NhanVienDaoTest" name="testUpdate" time="0.021"/>
  <testcase classname="test_dao.NhanVienDaoTest" name="testUpdate1" time="0.0">
    <failure type="java.lang.AssertionError">
      <![CDATA[java.lang.AssertionError: 
at test_dao.NhanVienDaoTest.testUpdate1(NhanVienDaoTest.java:97)
at java.base/java.util.ArrayList.forEach(ArrayList.java:1511)
... Removed 32 stack frames]]>
    </failure>
  </testcase> <!-- testUpdate1 -->
  <testcase classname="test_dao.NhanVienDaoTest" name="testUpdate2" time="0.022"/>
</testsuite> <!-- Test -->
